{"C:\\Users\\LENOVO T14\\Development\\topic-similarity-mvp\\frontend\\.eslintrc.cjs": {"path":"C:\\Users\\LENOVO T14\\Development\\topic-similarity-mvp\\frontend\\.eslintrc.cjs","all":true,"statementMap":{"0":{"start":{"line":1,"column":0},"end":{"line":1,"column":18}},"1":{"start":{"line":2,"column":0},"end":{"line":2,"column":13}},"2":{"start":{"line":3,"column":0},"end":{"line":3,"column":39}},"3":{"start":{"line":4,"column":0},"end":{"line":4,"column":12}},"4":{"start":{"line":5,"column":0},"end":{"line":5,"column":25}},"5":{"start":{"line":6,"column":0},"end":{"line":6,"column":31}},"6":{"start":{"line":7,"column":0},"end":{"line":7,"column":31}},"7":{"start":{"line":8,"column":0},"end":{"line":8,"column":37}},"8":{"start":{"line":9,"column":0},"end":{"line":9,"column":4}},"9":{"start":{"line":10,"column":0},"end":{"line":10,"column":44}},"10":{"start":{"line":11,"column":0},"end":{"line":11,"column":65}},"11":{"start":{"line":12,"column":0},"end":{"line":12,"column":43}},"12":{"start":{"line":13,"column":0},"end":{"line":13,"column":29}},"13":{"start":{"line":14,"column":0},"end":{"line":14,"column":10}},"14":{"start":{"line":15,"column":0},"end":{"line":15,"column":45}},"15":{"start":{"line":16,"column":0},"end":{"line":16,"column":13}},"16":{"start":{"line":17,"column":0},"end":{"line":17,"column":36}},"17":{"start":{"line":18,"column":0},"end":{"line":18,"column":6}},"18":{"start":{"line":19,"column":0},"end":{"line":19,"column":31}},"19":{"start":{"line":20,"column":0},"end":{"line":20,"column":4}},"20":{"start":{"line":21,"column":0},"end":{"line":21,"column":1}}},"s":{"0":0,"1":0,"2":0,"3":0,"4":0,"5":0,"6":0,"7":0,"8":0,"9":0,"10":0,"11":0,"12":0,"13":0,"14":0,"15":0,"16":0,"17":0,"18":0,"19":0,"20":0},"branchMap":{"0":{"type":"branch","line":1,"loc":{"start":{"line":1,"column":0},"end":{"line":21,"column":1}},"locations":[{"start":{"line":1,"column":0},"end":{"line":21,"column":1}}]}},"b":{"0":[0]},"fnMap":{"0":{"name":"(empty-report)","decl":{"start":{"line":1,"column":0},"end":{"line":21,"column":1}},"loc":{"start":{"line":1,"column":0},"end":{"line":21,"column":1}},"line":1}},"f":{"0":0}}
,"C:\\Users\\LENOVO T14\\Development\\topic-similarity-mvp\\frontend\\src\\App.jsx": {"path":"C:\\Users\\LENOVO T14\\Development\\topic-similarity-mvp\\frontend\\src\\App.jsx","all":false,"statementMap":{"0":{"start":{"line":1,"column":0},"end":{"line":1,"column":33}},"1":{"start":{"line":2,"column":0},"end":{"line":2,"column":26}},"2":{"start":{"line":3,"column":0},"end":{"line":3,"column":67}},"3":{"start":{"line":4,"column":0},"end":{"line":4,"column":74}},"5":{"start":{"line":6,"column":0},"end":{"line":6,"column":16}},"6":{"start":{"line":7,"column":0},"end":{"line":7,"column":47}},"7":{"start":{"line":8,"column":0},"end":{"line":8,"column":52}},"8":{"start":{"line":9,"column":0},"end":{"line":9,"column":43}},"14":{"start":{"line":15,"column":0},"end":{"line":15,"column":40}},"15":{"start":{"line":16,"column":0},"end":{"line":16,"column":23}},"16":{"start":{"line":17,"column":0},"end":{"line":17,"column":19}},"17":{"start":{"line":18,"column":0},"end":{"line":18,"column":21}},"19":{"start":{"line":20,"column":0},"end":{"line":20,"column":9}},"21":{"start":{"line":22,"column":0},"end":{"line":22,"column":71}},"24":{"start":{"line":25,"column":0},"end":{"line":25,"column":62}},"26":{"start":{"line":27,"column":0},"end":{"line":27,"column":32}},"27":{"start":{"line":28,"column":0},"end":{"line":28,"column":19}},"28":{"start":{"line":29,"column":0},"end":{"line":29,"column":119}},"29":{"start":{"line":30,"column":0},"end":{"line":30,"column":29}},"30":{"start":{"line":31,"column":0},"end":{"line":31,"column":36}},"31":{"start":{"line":32,"column":0},"end":{"line":32,"column":15}},"32":{"start":{"line":33,"column":0},"end":{"line":33,"column":26}},"33":{"start":{"line":34,"column":0},"end":{"line":34,"column":5}},"34":{"start":{"line":35,"column":0},"end":{"line":35,"column":4}},"39":{"start":{"line":40,"column":0},"end":{"line":40,"column":29}},"40":{"start":{"line":41,"column":0},"end":{"line":41,"column":21}},"41":{"start":{"line":42,"column":0},"end":{"line":42,"column":19}},"42":{"start":{"line":43,"column":0},"end":{"line":43,"column":4}},"44":{"start":{"line":45,"column":0},"end":{"line":45,"column":10}},"45":{"start":{"line":46,"column":0},"end":{"line":46,"column":73}},"46":{"start":{"line":47,"column":0},"end":{"line":47,"column":41}},"48":{"start":{"line":49,"column":0},"end":{"line":49,"column":45}},"49":{"start":{"line":50,"column":0},"end":{"line":50,"column":64}},"51":{"start":{"line":52,"column":0},"end":{"line":52,"column":15}},"52":{"start":{"line":53,"column":0},"end":{"line":53,"column":47}},"54":{"start":{"line":55,"column":0},"end":{"line":55,"column":14}},"55":{"start":{"line":56,"column":0},"end":{"line":56,"column":17}},"58":{"start":{"line":59,"column":0},"end":{"line":59,"column":30}},"59":{"start":{"line":60,"column":0},"end":{"line":60,"column":69}},"60":{"start":{"line":61,"column":0},"end":{"line":61,"column":14}},"63":{"start":{"line":64,"column":0},"end":{"line":64,"column":31}},"64":{"start":{"line":65,"column":0},"end":{"line":65,"column":78}},"65":{"start":{"line":66,"column":0},"end":{"line":66,"column":77}},"66":{"start":{"line":67,"column":0},"end":{"line":67,"column":49}},"67":{"start":{"line":68,"column":0},"end":{"line":68,"column":20}},"68":{"start":{"line":69,"column":0},"end":{"line":69,"column":55}},"69":{"start":{"line":70,"column":0},"end":{"line":70,"column":37}},"70":{"start":{"line":71,"column":0},"end":{"line":71,"column":37}},"72":{"start":{"line":73,"column":0},"end":{"line":73,"column":23}},"73":{"start":{"line":74,"column":0},"end":{"line":74,"column":38}},"74":{"start":{"line":75,"column":0},"end":{"line":75,"column":239}},"75":{"start":{"line":76,"column":0},"end":{"line":76,"column":38}},"76":{"start":{"line":77,"column":0},"end":{"line":77,"column":20}},"77":{"start":{"line":78,"column":0},"end":{"line":78,"column":22}},"78":{"start":{"line":79,"column":0},"end":{"line":79,"column":75}},"79":{"start":{"line":80,"column":0},"end":{"line":80,"column":20}},"80":{"start":{"line":81,"column":0},"end":{"line":81,"column":18}},"81":{"start":{"line":82,"column":0},"end":{"line":82,"column":16}},"85":{"start":{"line":86,"column":0},"end":{"line":86,"column":21}},"86":{"start":{"line":87,"column":0},"end":{"line":87,"column":47}},"87":{"start":{"line":88,"column":0},"end":{"line":88,"column":48}},"90":{"start":{"line":91,"column":0},"end":{"line":91,"column":46}},"91":{"start":{"line":92,"column":0},"end":{"line":92,"column":21}},"92":{"start":{"line":93,"column":0},"end":{"line":93,"column":37}},"93":{"start":{"line":94,"column":0},"end":{"line":94,"column":42}},"94":{"start":{"line":95,"column":0},"end":{"line":95,"column":119}},"95":{"start":{"line":96,"column":0},"end":{"line":96,"column":15}},"97":{"start":{"line":98,"column":0},"end":{"line":98,"column":23}},"98":{"start":{"line":99,"column":0},"end":{"line":99,"column":18}},"99":{"start":{"line":100,"column":0},"end":{"line":100,"column":16}},"101":{"start":{"line":102,"column":0},"end":{"line":102,"column":12}},"102":{"start":{"line":103,"column":0},"end":{"line":103,"column":10}},"104":{"start":{"line":105,"column":0},"end":{"line":105,"column":1}},"106":{"start":{"line":107,"column":0},"end":{"line":107,"column":19}}},"s":{"0":1,"1":1,"2":1,"3":1,"5":34,"6":34,"7":34,"8":34,"14":34,"15":11,"16":11,"17":11,"19":11,"21":11,"24":8,"26":8,"27":11,"28":3,"29":3,"30":3,"31":11,"32":11,"33":11,"34":11,"39":34,"40":1,"41":1,"42":1,"44":34,"45":34,"46":34,"48":34,"49":34,"51":34,"52":34,"54":34,"55":34,"58":34,"59":34,"60":34,"63":34,"64":3,"65":3,"66":3,"67":3,"68":3,"69":3,"70":3,"72":3,"73":3,"74":3,"75":3,"76":3,"77":3,"78":3,"79":3,"80":3,"81":3,"85":34,"86":8,"87":8,"90":8,"91":8,"92":8,"93":8,"94":8,"95":8,"97":8,"98":8,"99":8,"101":34,"102":34,"104":34,"106":1},"branchMap":{"0":{"type":"branch","line":6,"loc":{"start":{"line":6,"column":0},"end":{"line":105,"column":1}},"locations":[{"start":{"line":6,"column":0},"end":{"line":105,"column":1}}]},"1":{"type":"branch","line":64,"loc":{"start":{"line":64,"column":9},"end":{"line":64,"column":31}},"locations":[{"start":{"line":64,"column":9},"end":{"line":64,"column":31}}]},"2":{"type":"branch","line":64,"loc":{"start":{"line":64,"column":19},"end":{"line":82,"column":16}},"locations":[{"start":{"line":64,"column":19},"end":{"line":82,"column":16}}]},"3":{"type":"branch","line":86,"loc":{"start":{"line":86,"column":9},"end":{"line":100,"column":16}},"locations":[{"start":{"line":86,"column":9},"end":{"line":100,"column":16}}]},"4":{"type":"branch","line":15,"loc":{"start":{"line":15,"column":23},"end":{"line":35,"column":4}},"locations":[{"start":{"line":15,"column":23},"end":{"line":35,"column":4}}]},"5":{"type":"branch","line":22,"loc":{"start":{"line":22,"column":69},"end":{"line":28,"column":13}},"locations":[{"start":{"line":22,"column":69},"end":{"line":28,"column":13}}]},"6":{"type":"branch","line":28,"loc":{"start":{"line":28,"column":4},"end":{"line":32,"column":6}},"locations":[{"start":{"line":28,"column":4},"end":{"line":32,"column":6}}]},"7":{"type":"branch","line":29,"loc":{"start":{"line":29,"column":31},"end":{"line":29,"column":58}},"locations":[{"start":{"line":29,"column":31},"end":{"line":29,"column":58}}]},"8":{"type":"branch","line":29,"loc":{"start":{"line":29,"column":47},"end":{"line":29,"column":73}},"locations":[{"start":{"line":29,"column":47},"end":{"line":29,"column":73}}]},"9":{"type":"branch","line":29,"loc":{"start":{"line":29,"column":62},"end":{"line":29,"column":119}},"locations":[{"start":{"line":29,"column":62},"end":{"line":29,"column":119}}]},"10":{"type":"branch","line":32,"loc":{"start":{"line":32,"column":4},"end":{"line":32,"column":6}},"locations":[{"start":{"line":32,"column":4},"end":{"line":32,"column":6}}]},"11":{"type":"branch","line":25,"loc":{"start":{"line":25,"column":24},"end":{"line":25,"column":60}},"locations":[{"start":{"line":25,"column":24},"end":{"line":25,"column":60}}]},"12":{"type":"branch","line":40,"loc":{"start":{"line":40,"column":22},"end":{"line":43,"column":4}},"locations":[{"start":{"line":40,"column":22},"end":{"line":43,"column":4}}]}},"b":{"0":[34],"1":[3],"2":[3],"3":[8],"4":[11],"5":[8],"6":[3],"7":[1],"8":[2],"9":[0],"10":[8],"11":[8],"12":[1]},"fnMap":{"0":{"name":"App","decl":{"start":{"line":6,"column":0},"end":{"line":105,"column":1}},"loc":{"start":{"line":6,"column":0},"end":{"line":105,"column":1}},"line":6},"1":{"name":"handleSubmit","decl":{"start":{"line":15,"column":23},"end":{"line":35,"column":4}},"loc":{"start":{"line":15,"column":23},"end":{"line":35,"column":4}},"line":15},"2":{"name":"handleReset","decl":{"start":{"line":40,"column":22},"end":{"line":43,"column":4}},"loc":{"start":{"line":40,"column":22},"end":{"line":43,"column":4}},"line":40}},"f":{"0":34,"1":11,"2":1}}
,"C:\\Users\\LENOVO T14\\Development\\topic-similarity-mvp\\frontend\\src\\components\\features\\Results\\ResultsDisplay.jsx": {"path":"C:\\Users\\LENOVO T14\\Development\\topic-similarity-mvp\\frontend\\src\\components\\features\\Results\\ResultsDisplay.jsx","all":false,"statementMap":{"0":{"start":{"line":1,"column":0},"end":{"line":1,"column":32}},"1":{"start":{"line":2,"column":0},"end":{"line":2,"column":35}},"18":{"start":{"line":19,"column":0},"end":{"line":19,"column":41}},"20":{"start":{"line":21,"column":0},"end":{"line":21,"column":36}},"21":{"start":{"line":22,"column":0},"end":{"line":22,"column":21}},"22":{"start":{"line":23,"column":0},"end":{"line":23,"column":12}},"23":{"start":{"line":24,"column":0},"end":{"line":24,"column":23}},"24":{"start":{"line":25,"column":0},"end":{"line":25,"column":31}},"25":{"start":{"line":26,"column":0},"end":{"line":26,"column":40}},"26":{"start":{"line":27,"column":0},"end":{"line":27,"column":36}},"27":{"start":{"line":28,"column":0},"end":{"line":28,"column":36}},"28":{"start":{"line":29,"column":0},"end":{"line":29,"column":26}},"29":{"start":{"line":30,"column":0},"end":{"line":30,"column":81}},"30":{"start":{"line":31,"column":0},"end":{"line":31,"column":8}},"31":{"start":{"line":32,"column":0},"end":{"line":32,"column":15}},"32":{"start":{"line":33,"column":0},"end":{"line":33,"column":24}},"33":{"start":{"line":34,"column":0},"end":{"line":34,"column":32}},"34":{"start":{"line":35,"column":0},"end":{"line":35,"column":41}},"35":{"start":{"line":36,"column":0},"end":{"line":36,"column":37}},"36":{"start":{"line":37,"column":0},"end":{"line":37,"column":37}},"37":{"start":{"line":38,"column":0},"end":{"line":38,"column":29}},"38":{"start":{"line":39,"column":0},"end":{"line":39,"column":98}},"39":{"start":{"line":40,"column":0},"end":{"line":40,"column":8}},"40":{"start":{"line":41,"column":0},"end":{"line":41,"column":13}},"41":{"start":{"line":42,"column":0},"end":{"line":42,"column":21}},"42":{"start":{"line":43,"column":0},"end":{"line":43,"column":29}},"43":{"start":{"line":44,"column":0},"end":{"line":44,"column":38}},"44":{"start":{"line":45,"column":0},"end":{"line":45,"column":34}},"45":{"start":{"line":46,"column":0},"end":{"line":46,"column":34}},"46":{"start":{"line":47,"column":0},"end":{"line":47,"column":27}},"47":{"start":{"line":48,"column":0},"end":{"line":48,"column":102}},"48":{"start":{"line":49,"column":0},"end":{"line":49,"column":7}},"49":{"start":{"line":50,"column":0},"end":{"line":50,"column":6}},"50":{"start":{"line":51,"column":0},"end":{"line":51,"column":54}},"51":{"start":{"line":52,"column":0},"end":{"line":52,"column":27}},"56":{"start":{"line":57,"column":0},"end":{"line":57,"column":34}},"57":{"start":{"line":58,"column":0},"end":{"line":58,"column":60}},"58":{"start":{"line":59,"column":0},"end":{"line":59,"column":35}},"59":{"start":{"line":60,"column":0},"end":{"line":60,"column":4}},"64":{"start":{"line":65,"column":0},"end":{"line":65,"column":49}},"65":{"start":{"line":66,"column":0},"end":{"line":66,"column":20}},"66":{"start":{"line":67,"column":0},"end":{"line":67,"column":43}},"67":{"start":{"line":68,"column":0},"end":{"line":68,"column":45}},"68":{"start":{"line":69,"column":0},"end":{"line":69,"column":44}},"69":{"start":{"line":70,"column":0},"end":{"line":70,"column":6}},"70":{"start":{"line":71,"column":0},"end":{"line":71,"column":74}},"71":{"start":{"line":72,"column":0},"end":{"line":72,"column":4}},"76":{"start":{"line":77,"column":0},"end":{"line":77,"column":46}},"77":{"start":{"line":78,"column":0},"end":{"line":78,"column":8}},"78":{"start":{"line":79,"column":0},"end":{"line":79,"column":34}},"79":{"start":{"line":80,"column":0},"end":{"line":80,"column":42}},"80":{"start":{"line":81,"column":0},"end":{"line":81,"column":98}},"83":{"start":{"line":84,"column":0},"end":{"line":84,"column":100}},"84":{"start":{"line":85,"column":0},"end":{"line":85,"column":27}},"85":{"start":{"line":86,"column":0},"end":{"line":86,"column":11}},"88":{"start":{"line":89,"column":0},"end":{"line":89,"column":71}},"89":{"start":{"line":90,"column":0},"end":{"line":90,"column":35}},"90":{"start":{"line":91,"column":0},"end":{"line":91,"column":52}},"91":{"start":{"line":92,"column":0},"end":{"line":92,"column":64}},"92":{"start":{"line":93,"column":0},"end":{"line":93,"column":17}},"94":{"start":{"line":95,"column":0},"end":{"line":95,"column":32}},"95":{"start":{"line":96,"column":0},"end":{"line":96,"column":49}},"96":{"start":{"line":97,"column":0},"end":{"line":97,"column":58}},"97":{"start":{"line":98,"column":0},"end":{"line":98,"column":17}},"99":{"start":{"line":100,"column":0},"end":{"line":100,"column":26}},"100":{"start":{"line":101,"column":0},"end":{"line":101,"column":48}},"101":{"start":{"line":102,"column":0},"end":{"line":102,"column":51}},"102":{"start":{"line":103,"column":0},"end":{"line":103,"column":17}},"104":{"start":{"line":105,"column":0},"end":{"line":105,"column":12}},"107":{"start":{"line":108,"column":0},"end":{"line":108,"column":44}},"108":{"start":{"line":109,"column":0},"end":{"line":109,"column":47}},"109":{"start":{"line":110,"column":0},"end":{"line":110,"column":15}},"110":{"start":{"line":111,"column":0},"end":{"line":111,"column":50}},"111":{"start":{"line":112,"column":0},"end":{"line":112,"column":105}},"112":{"start":{"line":113,"column":0},"end":{"line":113,"column":11}},"113":{"start":{"line":114,"column":0},"end":{"line":114,"column":55}},"114":{"start":{"line":115,"column":0},"end":{"line":115,"column":17}},"116":{"start":{"line":117,"column":0},"end":{"line":117,"column":45}},"117":{"start":{"line":118,"column":0},"end":{"line":118,"column":15}},"118":{"start":{"line":119,"column":0},"end":{"line":119,"column":48}},"119":{"start":{"line":120,"column":0},"end":{"line":120,"column":103}},"120":{"start":{"line":121,"column":0},"end":{"line":121,"column":11}},"121":{"start":{"line":122,"column":0},"end":{"line":122,"column":52}},"122":{"start":{"line":123,"column":0},"end":{"line":123,"column":17}},"124":{"start":{"line":125,"column":0},"end":{"line":125,"column":75}},"125":{"start":{"line":126,"column":0},"end":{"line":126,"column":15}},"126":{"start":{"line":127,"column":0},"end":{"line":127,"column":48}},"127":{"start":{"line":128,"column":0},"end":{"line":128,"column":103}},"128":{"start":{"line":129,"column":0},"end":{"line":129,"column":11}},"129":{"start":{"line":130,"column":0},"end":{"line":130,"column":51}},"130":{"start":{"line":131,"column":0},"end":{"line":131,"column":17}},"132":{"start":{"line":133,"column":0},"end":{"line":133,"column":12}},"133":{"start":{"line":134,"column":0},"end":{"line":134,"column":10}},"139":{"start":{"line":140,"column":0},"end":{"line":140,"column":65}},"140":{"start":{"line":141,"column":0},"end":{"line":141,"column":54}},"142":{"start":{"line":143,"column":0},"end":{"line":143,"column":12}},"143":{"start":{"line":144,"column":0},"end":{"line":144,"column":83}},"144":{"start":{"line":145,"column":0},"end":{"line":145,"column":64}},"145":{"start":{"line":146,"column":0},"end":{"line":146,"column":111}},"146":{"start":{"line":147,"column":0},"end":{"line":147,"column":22}},"147":{"start":{"line":148,"column":0},"end":{"line":148,"column":15}},"148":{"start":{"line":149,"column":0},"end":{"line":149,"column":50}},"149":{"start":{"line":150,"column":0},"end":{"line":150,"column":73}},"150":{"start":{"line":151,"column":0},"end":{"line":151,"column":17}},"151":{"start":{"line":152,"column":0},"end":{"line":152,"column":14}},"152":{"start":{"line":153,"column":0},"end":{"line":153,"column":67}},"153":{"start":{"line":154,"column":0},"end":{"line":154,"column":35}},"154":{"start":{"line":155,"column":0},"end":{"line":155,"column":73}},"155":{"start":{"line":156,"column":0},"end":{"line":156,"column":14}},"156":{"start":{"line":157,"column":0},"end":{"line":157,"column":12}},"158":{"start":{"line":159,"column":0},"end":{"line":159,"column":4}},"160":{"start":{"line":161,"column":0},"end":{"line":161,"column":10}},"161":{"start":{"line":162,"column":0},"end":{"line":162,"column":80}},"163":{"start":{"line":164,"column":0},"end":{"line":164,"column":10}},"164":{"start":{"line":165,"column":0},"end":{"line":165,"column":33}},"165":{"start":{"line":166,"column":0},"end":{"line":166,"column":44}},"166":{"start":{"line":167,"column":0},"end":{"line":167,"column":100}},"168":{"start":{"line":169,"column":0},"end":{"line":169,"column":42}},"169":{"start":{"line":170,"column":0},"end":{"line":170,"column":41}},"170":{"start":{"line":171,"column":0},"end":{"line":171,"column":16}},"171":{"start":{"line":172,"column":0},"end":{"line":172,"column":59}},"172":{"start":{"line":173,"column":0},"end":{"line":173,"column":33}},"173":{"start":{"line":174,"column":0},"end":{"line":174,"column":33}},"174":{"start":{"line":175,"column":0},"end":{"line":175,"column":37}},"176":{"start":{"line":177,"column":0},"end":{"line":177,"column":48}},"177":{"start":{"line":178,"column":0},"end":{"line":178,"column":21}},"178":{"start":{"line":179,"column":0},"end":{"line":179,"column":36}},"179":{"start":{"line":180,"column":0},"end":{"line":180,"column":237}},"180":{"start":{"line":181,"column":0},"end":{"line":181,"column":36}},"181":{"start":{"line":182,"column":0},"end":{"line":182,"column":18}},"182":{"start":{"line":183,"column":0},"end":{"line":183,"column":53}},"183":{"start":{"line":184,"column":0},"end":{"line":184,"column":21}},"184":{"start":{"line":185,"column":0},"end":{"line":185,"column":36}},"185":{"start":{"line":186,"column":0},"end":{"line":186,"column":231}},"186":{"start":{"line":187,"column":0},"end":{"line":187,"column":36}},"187":{"start":{"line":188,"column":0},"end":{"line":188,"column":18}},"189":{"start":{"line":190,"column":0},"end":{"line":190,"column":21}},"190":{"start":{"line":191,"column":0},"end":{"line":191,"column":36}},"191":{"start":{"line":192,"column":0},"end":{"line":192,"column":155}},"192":{"start":{"line":193,"column":0},"end":{"line":193,"column":36}},"193":{"start":{"line":194,"column":0},"end":{"line":194,"column":18}},"195":{"start":{"line":196,"column":0},"end":{"line":196,"column":18}},"196":{"start":{"line":197,"column":0},"end":{"line":197,"column":16}},"197":{"start":{"line":198,"column":0},"end":{"line":198,"column":39}},"198":{"start":{"line":199,"column":0},"end":{"line":199,"column":97}},"199":{"start":{"line":200,"column":0},"end":{"line":200,"column":32}},"200":{"start":{"line":201,"column":0},"end":{"line":201,"column":17}},"201":{"start":{"line":202,"column":0},"end":{"line":202,"column":100}},"202":{"start":{"line":203,"column":0},"end":{"line":203,"column":41}},"203":{"start":{"line":204,"column":0},"end":{"line":204,"column":16}},"204":{"start":{"line":205,"column":0},"end":{"line":205,"column":109}},"205":{"start":{"line":206,"column":0},"end":{"line":206,"column":71}},"206":{"start":{"line":207,"column":0},"end":{"line":207,"column":16}},"207":{"start":{"line":208,"column":0},"end":{"line":208,"column":16}},"208":{"start":{"line":209,"column":0},"end":{"line":209,"column":14}},"209":{"start":{"line":210,"column":0},"end":{"line":210,"column":12}},"212":{"start":{"line":213,"column":0},"end":{"line":213,"column":36}},"213":{"start":{"line":214,"column":0},"end":{"line":214,"column":12}},"214":{"start":{"line":215,"column":0},"end":{"line":215,"column":37}},"215":{"start":{"line":216,"column":0},"end":{"line":216,"column":80}},"217":{"start":{"line":218,"column":0},"end":{"line":218,"column":32}},"218":{"start":{"line":219,"column":0},"end":{"line":219,"column":43}},"219":{"start":{"line":220,"column":0},"end":{"line":220,"column":18}},"220":{"start":{"line":221,"column":0},"end":{"line":221,"column":51}},"221":{"start":{"line":222,"column":0},"end":{"line":222,"column":35}},"222":{"start":{"line":223,"column":0},"end":{"line":223,"column":35}},"224":{"start":{"line":225,"column":0},"end":{"line":225,"column":21}},"225":{"start":{"line":226,"column":0},"end":{"line":226,"column":36}},"226":{"start":{"line":227,"column":0},"end":{"line":227,"column":231}},"227":{"start":{"line":228,"column":0},"end":{"line":228,"column":36}},"228":{"start":{"line":229,"column":0},"end":{"line":229,"column":18}},"229":{"start":{"line":230,"column":0},"end":{"line":230,"column":20}},"230":{"start":{"line":231,"column":0},"end":{"line":231,"column":18}},"231":{"start":{"line":232,"column":0},"end":{"line":232,"column":34}},"232":{"start":{"line":233,"column":0},"end":{"line":233,"column":53}},"233":{"start":{"line":234,"column":0},"end":{"line":234,"column":107}},"235":{"start":{"line":236,"column":0},"end":{"line":236,"column":18}},"236":{"start":{"line":237,"column":0},"end":{"line":237,"column":18}},"237":{"start":{"line":238,"column":0},"end":{"line":238,"column":16}},"238":{"start":{"line":239,"column":0},"end":{"line":239,"column":14}},"242":{"start":{"line":243,"column":0},"end":{"line":243,"column":54}},"243":{"start":{"line":244,"column":0},"end":{"line":244,"column":94}},"244":{"start":{"line":245,"column":0},"end":{"line":245,"column":75}},"245":{"start":{"line":246,"column":0},"end":{"line":246,"column":61}},"246":{"start":{"line":247,"column":0},"end":{"line":247,"column":68}},"247":{"start":{"line":248,"column":0},"end":{"line":248,"column":99}},"248":{"start":{"line":249,"column":0},"end":{"line":249,"column":34}},"249":{"start":{"line":250,"column":0},"end":{"line":250,"column":16}},"250":{"start":{"line":251,"column":0},"end":{"line":251,"column":16}},"251":{"start":{"line":252,"column":0},"end":{"line":252,"column":61}},"252":{"start":{"line":253,"column":0},"end":{"line":253,"column":72}},"253":{"start":{"line":254,"column":0},"end":{"line":254,"column":97}},"254":{"start":{"line":255,"column":0},"end":{"line":255,"column":51}},"255":{"start":{"line":256,"column":0},"end":{"line":256,"column":16}},"256":{"start":{"line":257,"column":0},"end":{"line":257,"column":16}},"257":{"start":{"line":258,"column":0},"end":{"line":258,"column":61}},"258":{"start":{"line":259,"column":0},"end":{"line":259,"column":71}},"259":{"start":{"line":260,"column":0},"end":{"line":260,"column":96}},"260":{"start":{"line":261,"column":0},"end":{"line":261,"column":54}},"261":{"start":{"line":262,"column":0},"end":{"line":262,"column":54}},"262":{"start":{"line":263,"column":0},"end":{"line":263,"column":52}},"263":{"start":{"line":264,"column":0},"end":{"line":264,"column":16}},"264":{"start":{"line":265,"column":0},"end":{"line":265,"column":16}},"265":{"start":{"line":266,"column":0},"end":{"line":266,"column":14}},"266":{"start":{"line":267,"column":0},"end":{"line":267,"column":12}},"269":{"start":{"line":270,"column":0},"end":{"line":270,"column":25}},"270":{"start":{"line":271,"column":0},"end":{"line":271,"column":42}},"271":{"start":{"line":272,"column":0},"end":{"line":272,"column":30}},"272":{"start":{"line":273,"column":0},"end":{"line":273,"column":67}},"273":{"start":{"line":274,"column":0},"end":{"line":274,"column":8}},"276":{"start":{"line":277,"column":0},"end":{"line":277,"column":25}},"277":{"start":{"line":278,"column":0},"end":{"line":278,"column":44}},"278":{"start":{"line":279,"column":0},"end":{"line":279,"column":30}},"279":{"start":{"line":280,"column":0},"end":{"line":280,"column":48}},"280":{"start":{"line":281,"column":0},"end":{"line":281,"column":8}},"283":{"start":{"line":284,"column":0},"end":{"line":284,"column":25}},"284":{"start":{"line":285,"column":0},"end":{"line":285,"column":43}},"285":{"start":{"line":286,"column":0},"end":{"line":286,"column":30}},"286":{"start":{"line":287,"column":0},"end":{"line":287,"column":57}},"287":{"start":{"line":288,"column":0},"end":{"line":288,"column":8}},"290":{"start":{"line":291,"column":0},"end":{"line":291,"column":74}},"291":{"start":{"line":292,"column":0},"end":{"line":292,"column":67}},"292":{"start":{"line":293,"column":0},"end":{"line":293,"column":67}},"293":{"start":{"line":294,"column":0},"end":{"line":294,"column":14}},"295":{"start":{"line":296,"column":0},"end":{"line":296,"column":10}},"297":{"start":{"line":298,"column":0},"end":{"line":298,"column":2}},"299":{"start":{"line":300,"column":0},"end":{"line":300,"column":28}},"300":{"start":{"line":301,"column":0},"end":{"line":301,"column":28}},"301":{"start":{"line":302,"column":0},"end":{"line":302,"column":70}},"302":{"start":{"line":303,"column":0},"end":{"line":303,"column":48}},"303":{"start":{"line":304,"column":0},"end":{"line":304,"column":37}},"304":{"start":{"line":305,"column":0},"end":{"line":305,"column":23}},"305":{"start":{"line":306,"column":0},"end":{"line":306,"column":29}},"306":{"start":{"line":307,"column":0},"end":{"line":307,"column":49}},"307":{"start":{"line":308,"column":0},"end":{"line":308,"column":42}},"308":{"start":{"line":309,"column":0},"end":{"line":309,"column":39}},"309":{"start":{"line":310,"column":0},"end":{"line":310,"column":33}},"310":{"start":{"line":311,"column":0},"end":{"line":311,"column":40}},"311":{"start":{"line":312,"column":0},"end":{"line":312,"column":38}},"312":{"start":{"line":313,"column":0},"end":{"line":313,"column":37}},"313":{"start":{"line":314,"column":0},"end":{"line":314,"column":8}},"314":{"start":{"line":315,"column":0},"end":{"line":315,"column":6}},"315":{"start":{"line":316,"column":0},"end":{"line":316,"column":35}},"316":{"start":{"line":317,"column":0},"end":{"line":317,"column":35}},"317":{"start":{"line":318,"column":0},"end":{"line":318,"column":46}},"318":{"start":{"line":319,"column":0},"end":{"line":319,"column":15}},"319":{"start":{"line":320,"column":0},"end":{"line":320,"column":2}},"321":{"start":{"line":322,"column":0},"end":{"line":322,"column":30}}},"s":{"0":1,"1":1,"18":1,"20":45,"21":45,"22":45,"23":45,"24":45,"25":45,"26":45,"27":45,"28":45,"29":45,"30":45,"31":45,"32":45,"33":45,"34":45,"35":45,"36":45,"37":45,"38":45,"39":45,"40":45,"41":45,"42":45,"43":45,"44":45,"45":45,"46":45,"47":45,"48":45,"49":45,"50":45,"51":45,"56":45,"57":616,"58":616,"59":616,"64":45,"65":526,"66":526,"67":526,"68":526,"69":526,"70":526,"71":526,"76":45,"77":176,"78":176,"79":176,"80":176,"83":176,"84":176,"85":176,"88":176,"89":176,"90":175,"91":175,"92":175,"94":176,"95":175,"96":175,"97":175,"99":176,"100":175,"101":175,"102":175,"104":176,"107":176,"108":176,"109":176,"110":176,"111":176,"112":176,"113":176,"114":176,"116":176,"117":176,"118":176,"119":176,"120":176,"121":176,"122":176,"124":176,"125":174,"126":174,"127":174,"128":174,"129":174,"130":174,"132":176,"133":176,"139":45,"140":135,"142":63,"143":63,"144":63,"145":63,"146":63,"147":63,"148":63,"149":135,"150":135,"151":135,"152":135,"153":135,"154":135,"155":135,"156":135,"158":135,"160":45,"161":45,"163":45,"164":45,"165":45,"166":45,"168":45,"169":45,"170":45,"171":45,"172":45,"173":45,"174":45,"176":45,"177":9,"178":9,"179":9,"180":9,"181":9,"182":36,"183":7,"184":7,"185":7,"186":7,"187":7,"189":29,"190":29,"191":29,"192":29,"193":29,"195":45,"196":45,"197":45,"198":45,"199":45,"200":45,"201":45,"202":45,"203":45,"204":45,"205":45,"206":45,"207":45,"208":45,"209":45,"212":45,"213":2,"214":2,"215":2,"217":2,"218":2,"219":2,"220":2,"221":2,"222":2,"224":2,"225":2,"226":2,"227":2,"228":2,"229":2,"230":2,"231":2,"232":2,"233":2,"235":2,"236":2,"237":2,"238":2,"242":45,"243":45,"244":45,"245":45,"246":45,"247":45,"248":45,"249":45,"250":45,"251":45,"252":45,"253":45,"254":45,"255":45,"256":45,"257":45,"258":45,"259":45,"260":45,"261":45,"262":45,"263":45,"264":45,"265":45,"266":45,"269":45,"270":45,"271":45,"272":45,"273":45,"276":45,"277":45,"278":45,"279":45,"280":45,"283":45,"284":45,"285":45,"286":45,"287":45,"290":45,"291":2,"292":2,"293":2,"295":45,"297":45,"299":1,"300":1,"301":1,"302":1,"303":1,"304":1,"305":1,"306":1,"307":1,"308":1,"309":1,"310":1,"311":1,"312":1,"313":1,"314":1,"315":1,"316":1,"317":1,"318":1,"319":1,"321":1},"branchMap":{"0":{"type":"branch","line":19,"loc":{"start":{"line":19,"column":23},"end":{"line":298,"column":2}},"locations":[{"start":{"line":19,"column":23},"end":{"line":298,"column":2}}]},"1":{"type":"branch","line":177,"loc":{"start":{"line":177,"column":38},"end":{"line":182,"column":18}},"locations":[{"start":{"line":177,"column":38},"end":{"line":182,"column":18}}]},"2":{"type":"branch","line":182,"loc":{"start":{"line":182,"column":16},"end":{"line":194,"column":18}},"locations":[{"start":{"line":182,"column":16},"end":{"line":194,"column":18}}]},"3":{"type":"branch","line":183,"loc":{"start":{"line":183,"column":41},"end":{"line":188,"column":18}},"locations":[{"start":{"line":183,"column":41},"end":{"line":188,"column":18}}]},"4":{"type":"branch","line":188,"loc":{"start":{"line":188,"column":16},"end":{"line":194,"column":18}},"locations":[{"start":{"line":188,"column":16},"end":{"line":194,"column":18}}]},"5":{"type":"branch","line":213,"loc":{"start":{"line":213,"column":16},"end":{"line":239,"column":14}},"locations":[{"start":{"line":213,"column":16},"end":{"line":239,"column":14}}]},"6":{"type":"branch","line":261,"loc":{"start":{"line":261,"column":39},"end":{"line":261,"column":54}},"locations":[{"start":{"line":261,"column":39},"end":{"line":261,"column":54}}]},"7":{"type":"branch","line":262,"loc":{"start":{"line":262,"column":39},"end":{"line":262,"column":54}},"locations":[{"start":{"line":262,"column":39},"end":{"line":262,"column":54}}]},"8":{"type":"branch","line":263,"loc":{"start":{"line":263,"column":39},"end":{"line":263,"column":52}},"locations":[{"start":{"line":263,"column":39},"end":{"line":263,"column":52}}]},"9":{"type":"branch","line":291,"loc":{"start":{"line":291,"column":67},"end":{"line":294,"column":14}},"locations":[{"start":{"line":291,"column":67},"end":{"line":294,"column":14}}]},"10":{"type":"branch","line":21,"loc":{"start":{"line":21,"column":29},"end":{"line":52,"column":5}},"locations":[{"start":{"line":21,"column":29},"end":{"line":52,"column":5}}]},"11":{"type":"branch","line":51,"loc":{"start":{"line":51,"column":37},"end":{"line":51,"column":54}},"locations":[{"start":{"line":51,"column":37},"end":{"line":51,"column":54}}]},"12":{"type":"branch","line":57,"loc":{"start":{"line":57,"column":22},"end":{"line":60,"column":4}},"locations":[{"start":{"line":57,"column":22},"end":{"line":60,"column":4}}]},"13":{"type":"branch","line":58,"loc":{"start":{"line":58,"column":47},"end":{"line":58,"column":60}},"locations":[{"start":{"line":58,"column":47},"end":{"line":58,"column":60}}]},"14":{"type":"branch","line":65,"loc":{"start":{"line":65,"column":33},"end":{"line":72,"column":4}},"locations":[{"start":{"line":65,"column":33},"end":{"line":72,"column":4}}]},"15":{"type":"branch","line":71,"loc":{"start":{"line":71,"column":41},"end":{"line":71,"column":74}},"locations":[{"start":{"line":71,"column":41},"end":{"line":71,"column":74}}]},"16":{"type":"branch","line":77,"loc":{"start":{"line":77,"column":27},"end":{"line":134,"column":10}},"locations":[{"start":{"line":77,"column":27},"end":{"line":134,"column":10}}]},"17":{"type":"branch","line":90,"loc":{"start":{"line":90,"column":15},"end":{"line":93,"column":17}},"locations":[{"start":{"line":90,"column":15},"end":{"line":93,"column":17}}]},"18":{"type":"branch","line":95,"loc":{"start":{"line":95,"column":15},"end":{"line":98,"column":17}},"locations":[{"start":{"line":95,"column":15},"end":{"line":98,"column":17}}]},"19":{"type":"branch","line":100,"loc":{"start":{"line":100,"column":15},"end":{"line":103,"column":17}},"locations":[{"start":{"line":100,"column":15},"end":{"line":103,"column":17}}]},"20":{"type":"branch","line":125,"loc":{"start":{"line":125,"column":66},"end":{"line":131,"column":17}},"locations":[{"start":{"line":125,"column":66},"end":{"line":131,"column":17}}]},"21":{"type":"branch","line":140,"loc":{"start":{"line":140,"column":28},"end":{"line":159,"column":4}},"locations":[{"start":{"line":140,"column":28},"end":{"line":159,"column":4}}]},"22":{"type":"branch","line":141,"loc":{"start":{"line":141,"column":42},"end":{"line":141,"column":54}},"locations":[{"start":{"line":141,"column":42},"end":{"line":141,"column":54}}]},"23":{"type":"branch","line":141,"loc":{"start":{"line":141,"column":49},"end":{"line":150,"column":53}},"locations":[{"start":{"line":141,"column":49},"end":{"line":150,"column":53}}]},"24":{"type":"branch","line":150,"loc":{"start":{"line":150,"column":49},"end":{"line":150,"column":63}},"locations":[{"start":{"line":150,"column":49},"end":{"line":150,"column":63}}]},"25":{"type":"branch","line":150,"loc":{"start":{"line":150,"column":53},"end":{"line":150,"column":73}},"locations":[{"start":{"line":150,"column":53},"end":{"line":150,"column":73}}]},"26":{"type":"branch","line":155,"loc":{"start":{"line":155,"column":23},"end":{"line":155,"column":71}},"locations":[{"start":{"line":155,"column":23},"end":{"line":155,"column":71}}]}},"b":{"0":[45],"1":[9],"2":[36],"3":[7],"4":[29],"5":[2],"6":[2],"7":[31],"8":[39],"9":[2],"10":[45],"11":[0],"12":[616],"13":[0],"14":[526],"15":[0],"16":[176],"17":[175],"18":[175],"19":[175],"20":[174],"21":[135],"22":[72],"23":[63],"24":[31],"25":[32],"26":[176]},"fnMap":{"0":{"name":"ResultsDisplay","decl":{"start":{"line":19,"column":23},"end":{"line":298,"column":2}},"loc":{"start":{"line":19,"column":23},"end":{"line":298,"column":2}},"line":19},"1":{"name":"formatScore","decl":{"start":{"line":57,"column":22},"end":{"line":60,"column":4}},"loc":{"start":{"line":57,"column":22},"end":{"line":60,"column":4}},"line":57},"2":{"name":"getAlgorithmBadgeColor","decl":{"start":{"line":65,"column":33},"end":{"line":72,"column":4}},"loc":{"start":{"line":65,"column":33},"end":{"line":72,"column":4}},"line":65},"3":{"name":"renderTopicMatch","decl":{"start":{"line":77,"column":27},"end":{"line":134,"column":10}},"loc":{"start":{"line":77,"column":27},"end":{"line":134,"column":10}},"line":77},"4":{"name":"renderTierSection","decl":{"start":{"line":140,"column":28},"end":{"line":159,"column":4}},"loc":{"start":{"line":140,"column":28},"end":{"line":159,"column":4}},"line":140}},"f":{"0":45,"1":616,"2":526,"3":176,"4":135}}
,"C:\\Users\\LENOVO T14\\Development\\topic-similarity-mvp\\frontend\\src\\components\\features\\TopicInput\\TopicForm.jsx": {"path":"C:\\Users\\LENOVO T14\\Development\\topic-similarity-mvp\\frontend\\src\\components\\features\\TopicInput\\TopicForm.jsx","all":false,"statementMap":{"0":{"start":{"line":1,"column":0},"end":{"line":1,"column":46}},"1":{"start":{"line":2,"column":0},"end":{"line":2,"column":35}},"13":{"start":{"line":14,"column":0},"end":{"line":14,"column":56}},"14":{"start":{"line":15,"column":0},"end":{"line":15,"column":41}},"15":{"start":{"line":16,"column":0},"end":{"line":16,"column":47}},"16":{"start":{"line":17,"column":0},"end":{"line":17,"column":41}},"19":{"start":{"line":20,"column":0},"end":{"line":20,"column":22}},"20":{"start":{"line":21,"column":0},"end":{"line":21,"column":23}},"21":{"start":{"line":22,"column":0},"end":{"line":22,"column":33}},"22":{"start":{"line":23,"column":0},"end":{"line":23,"column":34}},"29":{"start":{"line":30,"column":0},"end":{"line":30,"column":44}},"30":{"start":{"line":31,"column":0},"end":{"line":31,"column":32}},"31":{"start":{"line":32,"column":0},"end":{"line":32,"column":27}},"32":{"start":{"line":33,"column":0},"end":{"line":33,"column":39}},"33":{"start":{"line":34,"column":0},"end":{"line":34,"column":9}},"39":{"start":{"line":40,"column":0},"end":{"line":40,"column":49}},"40":{"start":{"line":41,"column":0},"end":{"line":41,"column":40}},"41":{"start":{"line":42,"column":0},"end":{"line":42,"column":35}},"43":{"start":{"line":44,"column":0},"end":{"line":44,"column":78}},"44":{"start":{"line":45,"column":0},"end":{"line":45,"column":104}},"46":{"start":{"line":47,"column":0},"end":{"line":47,"column":40}},"47":{"start":{"line":48,"column":0},"end":{"line":48,"column":21}},"49":{"start":{"line":50,"column":0},"end":{"line":50,"column":23}},"50":{"start":{"line":51,"column":0},"end":{"line":51,"column":34}},"51":{"start":{"line":52,"column":0},"end":{"line":52,"column":39}},"52":{"start":{"line":53,"column":0},"end":{"line":53,"column":101}},"53":{"start":{"line":54,"column":0},"end":{"line":54,"column":41}},"54":{"start":{"line":55,"column":0},"end":{"line":55,"column":39}},"55":{"start":{"line":56,"column":0},"end":{"line":56,"column":72}},"56":{"start":{"line":57,"column":0},"end":{"line":57,"column":14}},"57":{"start":{"line":58,"column":0},"end":{"line":58,"column":41}},"58":{"start":{"line":59,"column":0},"end":{"line":59,"column":39}},"59":{"start":{"line":60,"column":0},"end":{"line":60,"column":7}},"60":{"start":{"line":61,"column":0},"end":{"line":61,"column":5}},"62":{"start":{"line":63,"column":0},"end":{"line":63,"column":12}},"63":{"start":{"line":64,"column":0},"end":{"line":64,"column":16}},"64":{"start":{"line":65,"column":0},"end":{"line":65,"column":16}},"65":{"start":{"line":66,"column":0},"end":{"line":66,"column":32}},"66":{"start":{"line":67,"column":0},"end":{"line":67,"column":29}},"67":{"start":{"line":68,"column":0},"end":{"line":68,"column":18}},"68":{"start":{"line":69,"column":0},"end":{"line":69,"column":13}},"69":{"start":{"line":70,"column":0},"end":{"line":70,"column":6}},"70":{"start":{"line":71,"column":0},"end":{"line":71,"column":26}},"76":{"start":{"line":77,"column":0},"end":{"line":77,"column":36}},"77":{"start":{"line":78,"column":0},"end":{"line":78,"column":29}},"78":{"start":{"line":79,"column":0},"end":{"line":79,"column":17}},"79":{"start":{"line":80,"column":0},"end":{"line":80,"column":4}},"85":{"start":{"line":86,"column":0},"end":{"line":86,"column":39}},"86":{"start":{"line":87,"column":0},"end":{"line":87,"column":32}},"87":{"start":{"line":88,"column":0},"end":{"line":88,"column":17}},"88":{"start":{"line":89,"column":0},"end":{"line":89,"column":4}},"94":{"start":{"line":95,"column":0},"end":{"line":95,"column":37}},"95":{"start":{"line":96,"column":0},"end":{"line":96,"column":23}},"97":{"start":{"line":98,"column":0},"end":{"line":98,"column":45}},"99":{"start":{"line":100,"column":0},"end":{"line":100,"column":30}},"100":{"start":{"line":101,"column":0},"end":{"line":101,"column":58}},"101":{"start":{"line":102,"column":0},"end":{"line":102,"column":13}},"102":{"start":{"line":103,"column":0},"end":{"line":103,"column":5}},"104":{"start":{"line":105,"column":0},"end":{"line":105,"column":9}},"105":{"start":{"line":106,"column":0},"end":{"line":106,"column":22}},"106":{"start":{"line":107,"column":0},"end":{"line":107,"column":28}},"107":{"start":{"line":108,"column":0},"end":{"line":108,"column":33}},"108":{"start":{"line":109,"column":0},"end":{"line":109,"column":9}},"111":{"start":{"line":112,"column":0},"end":{"line":112,"column":19}},"112":{"start":{"line":113,"column":0},"end":{"line":113,"column":22}},"113":{"start":{"line":114,"column":0},"end":{"line":114,"column":19}},"114":{"start":{"line":115,"column":0},"end":{"line":115,"column":19}},"115":{"start":{"line":116,"column":0},"end":{"line":116,"column":77}},"116":{"start":{"line":117,"column":0},"end":{"line":117,"column":5}},"117":{"start":{"line":118,"column":0},"end":{"line":118,"column":4}},"119":{"start":{"line":120,"column":0},"end":{"line":120,"column":43}},"121":{"start":{"line":122,"column":0},"end":{"line":122,"column":10}},"122":{"start":{"line":123,"column":0},"end":{"line":123,"column":80}},"123":{"start":{"line":124,"column":0},"end":{"line":124,"column":60}},"125":{"start":{"line":126,"column":0},"end":{"line":126,"column":11}},"127":{"start":{"line":128,"column":0},"end":{"line":128,"column":58}},"129":{"start":{"line":130,"column":0},"end":{"line":130,"column":13}},"130":{"start":{"line":131,"column":0},"end":{"line":131,"column":17}},"131":{"start":{"line":132,"column":0},"end":{"line":132,"column":28}},"132":{"start":{"line":133,"column":0},"end":{"line":133,"column":68}},"133":{"start":{"line":134,"column":0},"end":{"line":134,"column":11}},"134":{"start":{"line":135,"column":0},"end":{"line":135,"column":66}},"135":{"start":{"line":136,"column":0},"end":{"line":136,"column":18}},"137":{"start":{"line":138,"column":0},"end":{"line":138,"column":19}},"138":{"start":{"line":139,"column":0},"end":{"line":139,"column":22}},"139":{"start":{"line":140,"column":0},"end":{"line":140,"column":25}},"140":{"start":{"line":141,"column":0},"end":{"line":141,"column":40}},"141":{"start":{"line":142,"column":0},"end":{"line":142,"column":32}},"142":{"start":{"line":143,"column":0},"end":{"line":143,"column":67}},"143":{"start":{"line":144,"column":0},"end":{"line":144,"column":20}},"144":{"start":{"line":145,"column":0},"end":{"line":145,"column":24}},"146":{"start":{"line":147,"column":0},"end":{"line":147,"column":39}},"152":{"start":{"line":153,"column":0},"end":{"line":153,"column":12}},"155":{"start":{"line":156,"column":0},"end":{"line":156,"column":42}},"157":{"start":{"line":158,"column":0},"end":{"line":158,"column":71}},"158":{"start":{"line":159,"column":0},"end":{"line":159,"column":32}},"160":{"start":{"line":161,"column":0},"end":{"line":161,"column":87}},"161":{"start":{"line":162,"column":0},"end":{"line":162,"column":35}},"162":{"start":{"line":163,"column":0},"end":{"line":163,"column":45}},"163":{"start":{"line":164,"column":0},"end":{"line":164,"column":39}},"164":{"start":{"line":165,"column":0},"end":{"line":165,"column":37}},"165":{"start":{"line":166,"column":0},"end":{"line":166,"column":17}},"167":{"start":{"line":168,"column":0},"end":{"line":168,"column":76}},"168":{"start":{"line":169,"column":0},"end":{"line":169,"column":21}},"169":{"start":{"line":170,"column":0},"end":{"line":170,"column":19}},"170":{"start":{"line":171,"column":0},"end":{"line":171,"column":40}},"171":{"start":{"line":172,"column":0},"end":{"line":172,"column":28}},"172":{"start":{"line":173,"column":0},"end":{"line":173,"column":86}},"173":{"start":{"line":174,"column":0},"end":{"line":174,"column":34}},"174":{"start":{"line":175,"column":0},"end":{"line":175,"column":44}},"175":{"start":{"line":176,"column":0},"end":{"line":176,"column":38}},"176":{"start":{"line":177,"column":0},"end":{"line":177,"column":37}},"177":{"start":{"line":178,"column":0},"end":{"line":178,"column":17}},"179":{"start":{"line":180,"column":0},"end":{"line":180,"column":70}},"180":{"start":{"line":181,"column":0},"end":{"line":181,"column":21}},"181":{"start":{"line":182,"column":0},"end":{"line":182,"column":18}},"184":{"start":{"line":185,"column":0},"end":{"line":185,"column":71}},"185":{"start":{"line":186,"column":0},"end":{"line":186,"column":32}},"186":{"start":{"line":187,"column":0},"end":{"line":187,"column":80}},"187":{"start":{"line":188,"column":0},"end":{"line":188,"column":38}},"188":{"start":{"line":189,"column":0},"end":{"line":189,"column":35}},"189":{"start":{"line":190,"column":0},"end":{"line":190,"column":17}},"191":{"start":{"line":192,"column":0},"end":{"line":192,"column":79}},"192":{"start":{"line":193,"column":0},"end":{"line":193,"column":82}},"193":{"start":{"line":194,"column":0},"end":{"line":194,"column":61}},"195":{"start":{"line":196,"column":0},"end":{"line":196,"column":21}},"196":{"start":{"line":197,"column":0},"end":{"line":197,"column":32}},"197":{"start":{"line":198,"column":0},"end":{"line":198,"column":80}},"198":{"start":{"line":199,"column":0},"end":{"line":199,"column":38}},"199":{"start":{"line":200,"column":0},"end":{"line":200,"column":35}},"200":{"start":{"line":201,"column":0},"end":{"line":201,"column":17}},"202":{"start":{"line":203,"column":0},"end":{"line":203,"column":44}},"203":{"start":{"line":204,"column":0},"end":{"line":204,"column":21}},"204":{"start":{"line":205,"column":0},"end":{"line":205,"column":18}},"205":{"start":{"line":206,"column":0},"end":{"line":206,"column":16}},"206":{"start":{"line":207,"column":0},"end":{"line":207,"column":14}},"209":{"start":{"line":210,"column":0},"end":{"line":210,"column":13}},"210":{"start":{"line":211,"column":0},"end":{"line":211,"column":17}},"211":{"start":{"line":212,"column":0},"end":{"line":212,"column":31}},"212":{"start":{"line":213,"column":0},"end":{"line":213,"column":68}},"213":{"start":{"line":214,"column":0},"end":{"line":214,"column":11}},"214":{"start":{"line":215,"column":0},"end":{"line":215,"column":70}},"215":{"start":{"line":216,"column":0},"end":{"line":216,"column":18}},"217":{"start":{"line":218,"column":0},"end":{"line":218,"column":16}},"218":{"start":{"line":219,"column":0},"end":{"line":219,"column":25}},"219":{"start":{"line":220,"column":0},"end":{"line":220,"column":23}},"220":{"start":{"line":221,"column":0},"end":{"line":221,"column":28}},"221":{"start":{"line":222,"column":0},"end":{"line":222,"column":43}},"222":{"start":{"line":223,"column":0},"end":{"line":223,"column":32}},"223":{"start":{"line":224,"column":0},"end":{"line":224,"column":69}},"224":{"start":{"line":225,"column":0},"end":{"line":225,"column":23}},"230":{"start":{"line":231,"column":0},"end":{"line":231,"column":12}},"232":{"start":{"line":233,"column":0},"end":{"line":233,"column":52}},"234":{"start":{"line":235,"column":0},"end":{"line":235,"column":14}},"235":{"start":{"line":236,"column":0},"end":{"line":236,"column":14}},"238":{"start":{"line":239,"column":0},"end":{"line":239,"column":19}},"239":{"start":{"line":240,"column":0},"end":{"line":240,"column":75}},"240":{"start":{"line":241,"column":0},"end":{"line":241,"column":47}},"241":{"start":{"line":242,"column":0},"end":{"line":242,"column":19}},"242":{"start":{"line":243,"column":0},"end":{"line":243,"column":54}},"243":{"start":{"line":244,"column":0},"end":{"line":244,"column":36}},"244":{"start":{"line":245,"column":0},"end":{"line":245,"column":35}},"246":{"start":{"line":247,"column":0},"end":{"line":247,"column":22}},"247":{"start":{"line":248,"column":0},"end":{"line":248,"column":37}},"248":{"start":{"line":249,"column":0},"end":{"line":249,"column":238}},"249":{"start":{"line":250,"column":0},"end":{"line":250,"column":37}},"250":{"start":{"line":251,"column":0},"end":{"line":251,"column":18}},"251":{"start":{"line":252,"column":0},"end":{"line":252,"column":20}},"252":{"start":{"line":253,"column":0},"end":{"line":253,"column":73}},"253":{"start":{"line":254,"column":0},"end":{"line":254,"column":18}},"254":{"start":{"line":255,"column":0},"end":{"line":255,"column":16}},"258":{"start":{"line":259,"column":0},"end":{"line":259,"column":15}},"259":{"start":{"line":260,"column":0},"end":{"line":260,"column":23}},"260":{"start":{"line":261,"column":0},"end":{"line":261,"column":53}},"261":{"start":{"line":262,"column":0},"end":{"line":262,"column":22}},"264":{"start":{"line":265,"column":0},"end":{"line":265,"column":46}},"265":{"start":{"line":266,"column":0},"end":{"line":266,"column":48}},"266":{"start":{"line":267,"column":0},"end":{"line":267,"column":92}},"267":{"start":{"line":268,"column":0},"end":{"line":268,"column":13}},"272":{"start":{"line":273,"column":0},"end":{"line":273,"column":24}},"273":{"start":{"line":274,"column":0},"end":{"line":274,"column":14}},"274":{"start":{"line":275,"column":0},"end":{"line":275,"column":19}},"275":{"start":{"line":276,"column":0},"end":{"line":276,"column":71}},"276":{"start":{"line":277,"column":0},"end":{"line":277,"column":51}},"277":{"start":{"line":278,"column":0},"end":{"line":278,"column":28}},"278":{"start":{"line":279,"column":0},"end":{"line":279,"column":35}},"280":{"start":{"line":281,"column":0},"end":{"line":281,"column":24}},"281":{"start":{"line":282,"column":0},"end":{"line":282,"column":41}},"282":{"start":{"line":283,"column":0},"end":{"line":283,"column":26}},"283":{"start":{"line":284,"column":0},"end":{"line":284,"column":26}},"284":{"start":{"line":285,"column":0},"end":{"line":285,"column":25}},"285":{"start":{"line":286,"column":0},"end":{"line":286,"column":40}},"286":{"start":{"line":287,"column":0},"end":{"line":287,"column":33}},"287":{"start":{"line":288,"column":0},"end":{"line":288,"column":18}},"288":{"start":{"line":289,"column":0},"end":{"line":289,"column":22}},"289":{"start":{"line":290,"column":0},"end":{"line":290,"column":41}},"290":{"start":{"line":291,"column":0},"end":{"line":291,"column":38}},"291":{"start":{"line":292,"column":0},"end":{"line":292,"column":133}},"292":{"start":{"line":293,"column":0},"end":{"line":293,"column":18}},"293":{"start":{"line":294,"column":0},"end":{"line":294,"column":20}},"295":{"start":{"line":296,"column":0},"end":{"line":296,"column":15}},"297":{"start":{"line":298,"column":0},"end":{"line":298,"column":30}},"299":{"start":{"line":300,"column":0},"end":{"line":300,"column":17}},"302":{"start":{"line":303,"column":0},"end":{"line":303,"column":56}},"303":{"start":{"line":304,"column":0},"end":{"line":304,"column":67}},"305":{"start":{"line":306,"column":0},"end":{"line":306,"column":15}},"306":{"start":{"line":307,"column":0},"end":{"line":307,"column":80}},"307":{"start":{"line":308,"column":0},"end":{"line":308,"column":56}},"308":{"start":{"line":309,"column":0},"end":{"line":309,"column":48}},"309":{"start":{"line":310,"column":0},"end":{"line":310,"column":48}},"310":{"start":{"line":311,"column":0},"end":{"line":311,"column":62}},"311":{"start":{"line":312,"column":0},"end":{"line":312,"column":15}},"312":{"start":{"line":313,"column":0},"end":{"line":313,"column":14}},"313":{"start":{"line":314,"column":0},"end":{"line":314,"column":13}},"314":{"start":{"line":315,"column":0},"end":{"line":315,"column":10}},"316":{"start":{"line":317,"column":0},"end":{"line":317,"column":2}},"318":{"start":{"line":319,"column":0},"end":{"line":319,"column":23}},"319":{"start":{"line":320,"column":0},"end":{"line":320,"column":38}},"320":{"start":{"line":321,"column":0},"end":{"line":321,"column":27}},"321":{"start":{"line":322,"column":0},"end":{"line":322,"column":2}},"323":{"start":{"line":324,"column":0},"end":{"line":324,"column":25}}},"s":{"0":1,"1":1,"13":1,"14":2012,"15":2012,"16":2012,"19":2012,"20":2012,"21":2012,"22":2012,"29":2012,"30":2030,"31":2030,"32":1974,"33":2012,"39":2012,"40":2030,"41":2030,"43":2030,"44":2030,"46":2030,"47":2030,"49":2030,"50":1974,"51":1283,"52":1283,"53":1974,"54":19,"55":19,"56":691,"57":672,"58":672,"59":672,"60":1974,"62":2030,"63":2030,"64":2030,"65":2030,"66":2030,"67":2030,"68":2030,"69":2030,"70":2012,"76":2012,"77":1854,"78":1854,"79":1854,"85":2012,"86":89,"87":89,"88":89,"94":2012,"95":18,"97":18,"99":18,"100":0,"101":0,"102":0,"104":18,"105":18,"106":18,"107":18,"108":18,"111":13,"112":13,"113":13,"114":18,"115":5,"116":5,"117":18,"119":2012,"121":2012,"122":2012,"123":2012,"125":2012,"127":2012,"129":2012,"130":2012,"131":2012,"132":2012,"133":2012,"134":2012,"135":2012,"137":2012,"138":2012,"139":2012,"140":2012,"141":2012,"142":2012,"143":2012,"144":2012,"146":2012,"152":2012,"155":2012,"157":2012,"158":2012,"160":2012,"161":1358,"162":654,"163":654,"164":0,"165":2012,"167":2012,"168":2012,"169":2012,"170":2012,"171":2012,"172":2012,"173":1358,"174":654,"175":654,"176":0,"177":2012,"179":2012,"180":2012,"181":2012,"184":2012,"185":2012,"186":2012,"187":1318,"188":694,"189":2012,"191":2012,"192":1318,"193":694,"195":2012,"196":2012,"197":2012,"198":1318,"199":694,"200":2012,"202":2012,"203":2012,"204":2012,"205":2012,"206":2012,"209":2012,"210":2012,"211":2012,"212":2012,"213":2012,"214":2012,"215":2012,"217":2012,"218":2012,"219":2012,"220":2012,"221":2012,"222":2012,"223":2012,"224":2012,"230":2012,"232":2012,"234":2012,"235":2012,"238":2012,"239":5,"240":5,"241":5,"242":5,"243":5,"244":5,"246":5,"247":5,"248":5,"249":5,"250":5,"251":5,"252":5,"253":5,"254":5,"258":2012,"259":2012,"260":2012,"261":2012,"264":2012,"265":1369,"266":643,"267":2012,"272":2012,"273":13,"274":13,"275":13,"276":13,"277":13,"278":13,"280":13,"281":13,"282":13,"283":13,"284":13,"285":13,"286":13,"287":13,"288":13,"289":13,"290":13,"291":13,"292":13,"293":13,"295":13,"297":1999,"299":2012,"302":2012,"303":2012,"305":2012,"306":2012,"307":2012,"308":2012,"309":2012,"310":2012,"311":2012,"312":2012,"313":2012,"314":2012,"316":2012,"318":1,"319":1,"320":1,"321":1,"323":1},"branchMap":{"0":{"type":"branch","line":14,"loc":{"start":{"line":14,"column":18},"end":{"line":317,"column":2}},"locations":[{"start":{"line":14,"column":18},"end":{"line":317,"column":2}}]},"1":{"type":"branch","line":161,"loc":{"start":{"line":161,"column":41},"end":{"line":161,"column":87}},"locations":[{"start":{"line":161,"column":41},"end":{"line":161,"column":87}}]},"2":{"type":"branch","line":161,"loc":{"start":{"line":161,"column":77},"end":{"line":162,"column":35}},"locations":[{"start":{"line":161,"column":77},"end":{"line":162,"column":35}}]},"3":{"type":"branch","line":162,"loc":{"start":{"line":162,"column":20},"end":{"line":165,"column":37}},"locations":[{"start":{"line":162,"column":20},"end":{"line":165,"column":37}}]},"4":{"type":"branch","line":164,"loc":{"start":{"line":164,"column":22},"end":{"line":165,"column":37}},"locations":[{"start":{"line":164,"column":22},"end":{"line":165,"column":37}}]},"5":{"type":"branch","line":168,"loc":{"start":{"line":168,"column":28},"end":{"line":168,"column":76}},"locations":[{"start":{"line":168,"column":28},"end":{"line":168,"column":76}}]},"6":{"type":"branch","line":173,"loc":{"start":{"line":173,"column":41},"end":{"line":173,"column":86}},"locations":[{"start":{"line":173,"column":41},"end":{"line":173,"column":86}}]},"7":{"type":"branch","line":173,"loc":{"start":{"line":173,"column":77},"end":{"line":174,"column":34}},"locations":[{"start":{"line":173,"column":77},"end":{"line":174,"column":34}}]},"8":{"type":"branch","line":174,"loc":{"start":{"line":174,"column":20},"end":{"line":177,"column":37}},"locations":[{"start":{"line":174,"column":20},"end":{"line":177,"column":37}}]},"9":{"type":"branch","line":176,"loc":{"start":{"line":176,"column":22},"end":{"line":177,"column":37}},"locations":[{"start":{"line":176,"column":22},"end":{"line":177,"column":37}}]},"10":{"type":"branch","line":187,"loc":{"start":{"line":187,"column":30},"end":{"line":187,"column":80}},"locations":[{"start":{"line":187,"column":30},"end":{"line":187,"column":80}}]},"11":{"type":"branch","line":187,"loc":{"start":{"line":187,"column":79},"end":{"line":188,"column":38}},"locations":[{"start":{"line":187,"column":79},"end":{"line":188,"column":38}}]},"12":{"type":"branch","line":188,"loc":{"start":{"line":188,"column":20},"end":{"line":189,"column":35}},"locations":[{"start":{"line":188,"column":20},"end":{"line":189,"column":35}}]},"13":{"type":"branch","line":192,"loc":{"start":{"line":192,"column":29},"end":{"line":192,"column":79}},"locations":[{"start":{"line":192,"column":29},"end":{"line":192,"column":79}}]},"14":{"type":"branch","line":192,"loc":{"start":{"line":192,"column":78},"end":{"line":193,"column":82}},"locations":[{"start":{"line":192,"column":78},"end":{"line":193,"column":82}}]},"15":{"type":"branch","line":193,"loc":{"start":{"line":193,"column":20},"end":{"line":194,"column":61}},"locations":[{"start":{"line":193,"column":20},"end":{"line":194,"column":61}}]},"16":{"type":"branch","line":198,"loc":{"start":{"line":198,"column":30},"end":{"line":198,"column":80}},"locations":[{"start":{"line":198,"column":30},"end":{"line":198,"column":80}}]},"17":{"type":"branch","line":198,"loc":{"start":{"line":198,"column":79},"end":{"line":199,"column":38}},"locations":[{"start":{"line":198,"column":79},"end":{"line":199,"column":38}}]},"18":{"type":"branch","line":199,"loc":{"start":{"line":199,"column":20},"end":{"line":200,"column":35}},"locations":[{"start":{"line":199,"column":20},"end":{"line":200,"column":35}}]},"19":{"type":"branch","line":239,"loc":{"start":{"line":239,"column":9},"end":{"line":255,"column":16}},"locations":[{"start":{"line":239,"column":9},"end":{"line":255,"column":16}}]},"20":{"type":"branch","line":261,"loc":{"start":{"line":261,"column":32},"end":{"line":261,"column":53}},"locations":[{"start":{"line":261,"column":32},"end":{"line":261,"column":53}}]},"21":{"type":"branch","line":265,"loc":{"start":{"line":265,"column":26},"end":{"line":265,"column":46}},"locations":[{"start":{"line":265,"column":26},"end":{"line":265,"column":46}}]},"22":{"type":"branch","line":265,"loc":{"start":{"line":265,"column":37},"end":{"line":266,"column":48}},"locations":[{"start":{"line":265,"column":37},"end":{"line":266,"column":48}}]},"23":{"type":"branch","line":266,"loc":{"start":{"line":266,"column":16},"end":{"line":267,"column":92}},"locations":[{"start":{"line":266,"column":16},"end":{"line":267,"column":92}}]},"24":{"type":"branch","line":273,"loc":{"start":{"line":273,"column":11},"end":{"line":296,"column":15}},"locations":[{"start":{"line":273,"column":11},"end":{"line":296,"column":15}}]},"25":{"type":"branch","line":296,"loc":{"start":{"line":296,"column":12},"end":{"line":298,"column":30}},"locations":[{"start":{"line":296,"column":12},"end":{"line":298,"column":30}}]},"26":{"type":"branch","line":30,"loc":{"start":{"line":30,"column":33},"end":{"line":34,"column":5}},"locations":[{"start":{"line":30,"column":33},"end":{"line":34,"column":5}}]},"27":{"type":"branch","line":32,"loc":{"start":{"line":32,"column":18},"end":{"line":32,"column":27}},"locations":[{"start":{"line":32,"column":18},"end":{"line":32,"column":27}}]},"28":{"type":"branch","line":32,"loc":{"start":{"line":32,"column":25},"end":{"line":33,"column":39}},"locations":[{"start":{"line":32,"column":25},"end":{"line":33,"column":39}}]},"29":{"type":"branch","line":40,"loc":{"start":{"line":40,"column":42},"end":{"line":71,"column":5}},"locations":[{"start":{"line":40,"column":42},"end":{"line":71,"column":5}}]},"30":{"type":"branch","line":44,"loc":{"start":{"line":44,"column":42},"end":{"line":44,"column":78}},"locations":[{"start":{"line":44,"column":42},"end":{"line":44,"column":78}}]},"31":{"type":"branch","line":45,"loc":{"start":{"line":45,"column":48},"end":{"line":45,"column":104}},"locations":[{"start":{"line":45,"column":48},"end":{"line":45,"column":104}}]},"32":{"type":"branch","line":50,"loc":{"start":{"line":50,"column":22},"end":{"line":61,"column":5}},"locations":[{"start":{"line":50,"column":22},"end":{"line":61,"column":5}}]},"33":{"type":"branch","line":51,"loc":{"start":{"line":51,"column":33},"end":{"line":54,"column":17}},"locations":[{"start":{"line":51,"column":33},"end":{"line":54,"column":17}}]},"34":{"type":"branch","line":53,"loc":{"start":{"line":53,"column":63},"end":{"line":53,"column":73}},"locations":[{"start":{"line":53,"column":63},"end":{"line":53,"column":73}}]},"35":{"type":"branch","line":53,"loc":{"start":{"line":53,"column":67},"end":{"line":53,"column":75}},"locations":[{"start":{"line":53,"column":67},"end":{"line":53,"column":75}}]},"36":{"type":"branch","line":54,"loc":{"start":{"line":54,"column":6},"end":{"line":60,"column":7}},"locations":[{"start":{"line":54,"column":6},"end":{"line":60,"column":7}}]},"37":{"type":"branch","line":54,"loc":{"start":{"line":54,"column":40},"end":{"line":57,"column":13}},"locations":[{"start":{"line":54,"column":40},"end":{"line":57,"column":13}}]},"38":{"type":"branch","line":57,"loc":{"start":{"line":57,"column":6},"end":{"line":60,"column":7}},"locations":[{"start":{"line":57,"column":6},"end":{"line":60,"column":7}}]},"39":{"type":"branch","line":77,"loc":{"start":{"line":77,"column":28},"end":{"line":80,"column":4}},"locations":[{"start":{"line":77,"column":28},"end":{"line":80,"column":4}}]},"40":{"type":"branch","line":86,"loc":{"start":{"line":86,"column":31},"end":{"line":89,"column":4}},"locations":[{"start":{"line":86,"column":31},"end":{"line":89,"column":4}}]},"41":{"type":"branch","line":95,"loc":{"start":{"line":95,"column":23},"end":{"line":118,"column":4}},"locations":[{"start":{"line":95,"column":23},"end":{"line":118,"column":4}}]},"42":{"type":"branch","line":100,"loc":{"start":{"line":100,"column":29},"end":{"line":103,"column":5}},"locations":[{"start":{"line":100,"column":29},"end":{"line":103,"column":5}}]},"43":{"type":"branch","line":109,"loc":{"start":{"line":109,"column":7},"end":{"line":115,"column":13}},"locations":[{"start":{"line":109,"column":7},"end":{"line":115,"column":13}}]},"44":{"type":"branch","line":115,"loc":{"start":{"line":115,"column":4},"end":{"line":117,"column":5}},"locations":[{"start":{"line":115,"column":4},"end":{"line":117,"column":5}}]},"45":{"type":"branch","line":116,"loc":{"start":{"line":116,"column":19},"end":{"line":116,"column":75}},"locations":[{"start":{"line":116,"column":19},"end":{"line":116,"column":75}}]}},"b":{"0":[2012],"1":[673],"2":[1358],"3":[654],"4":[0],"5":[56],"6":[673],"7":[1358],"8":[654],"9":[0],"10":[1372],"11":[1318],"12":[694],"13":[1372],"14":[1318],"15":[694],"16":[1372],"17":[1318],"18":[694],"19":[5],"20":[654],"21":[654],"22":[1369],"23":[643],"24":[13],"25":[1999],"26":[2030],"27":[56],"28":[1974],"29":[2030],"30":[691],"31":[663],"32":[1974],"33":[1283],"34":[1039],"35":[244],"36":[691],"37":[19],"38":[672],"39":[1854],"40":[89],"41":[18],"42":[0],"43":[13],"44":[5],"45":[0]},"fnMap":{"0":{"name":"TopicForm","decl":{"start":{"line":14,"column":18},"end":{"line":317,"column":2}},"loc":{"start":{"line":14,"column":18},"end":{"line":317,"column":2}},"line":14},"1":{"name":"handleTopicChange","decl":{"start":{"line":77,"column":28},"end":{"line":80,"column":4}},"loc":{"start":{"line":77,"column":28},"end":{"line":80,"column":4}},"line":77},"2":{"name":"handleKeywordsChange","decl":{"start":{"line":86,"column":31},"end":{"line":89,"column":4}},"loc":{"start":{"line":86,"column":31},"end":{"line":89,"column":4}},"line":86},"3":{"name":"handleSubmit","decl":{"start":{"line":95,"column":23},"end":{"line":118,"column":4}},"loc":{"start":{"line":95,"column":23},"end":{"line":118,"column":4}},"line":95}},"f":{"0":2012,"1":1854,"2":89,"3":18}}
}
